Build started 10/15/2017 11:10:26 PM.
     1>Project "C:\Users\Mahmoud Youssef\Desktop\GUC\Semester 7\Computer Graphics\Texture\OpenGL2DTemplate.vcxproj" on node 2 (Build target(s)).
     1>ClCompile:
         D:\Program Files\VS13\VC\bin\CL.exe /c /I"C:\Users\Mahmoud Youssef\Desktop\GUC\Semester 7\Computer Graphics\Texture\Debug\\.." /ZI /nologo /W3 /WX- /Od /Oy- /D WIN32 /D _DEBUG /D _CONSOLE /D _UNICODE /D UNICODE /Gm /EHsc /RTC1 /MDd /GS /fp:precise /Zc:wchar_t /Zc:forScope /Fo"Debug\\" /Fd"Debug\vc120.pdb" /Gd /TP /analyze- /errorReport:prompt texture.cpp
         texture.cpp
     1>c:\users\mahmoud youssef\desktop\guc\semester 7\computer graphics\texture\texturebuilder.h(27): warning C4244: 'argument' : conversion from 'int' to 'GLfloat', possible loss of data
     1>c:\users\mahmoud youssef\desktop\guc\semester 7\computer graphics\texture\texturebuilder.h(28): warning C4244: 'argument' : conversion from 'int' to 'GLfloat', possible loss of data
     1>c:\users\mahmoud youssef\desktop\guc\semester 7\computer graphics\texture\texture.cpp(188): warning C4996: 'sprintf': This function or variable may be unsafe. Consider using sprintf_s instead. To disable deprecation, use _CRT_SECURE_NO_WARNINGS. See online help for details.
                 d:\program files\vs13\vc\include\stdio.h(356) : see declaration of 'sprintf'
     1>c:\users\mahmoud youssef\desktop\guc\semester 7\computer graphics\texture\texture.cpp(208): warning C4996: 'sprintf': This function or variable may be unsafe. Consider using sprintf_s instead. To disable deprecation, use _CRT_SECURE_NO_WARNINGS. See online help for details.
                 d:\program files\vs13\vc\include\stdio.h(356) : see declaration of 'sprintf'
     1>c:\users\mahmoud youssef\desktop\guc\semester 7\computer graphics\texture\texture.cpp(227): warning C4996: 'sprintf': This function or variable may be unsafe. Consider using sprintf_s instead. To disable deprecation, use _CRT_SECURE_NO_WARNINGS. See online help for details.
                 d:\program files\vs13\vc\include\stdio.h(356) : see declaration of 'sprintf'
     1>c:\users\mahmoud youssef\desktop\guc\semester 7\computer graphics\texture\texture.cpp(302): warning C4172: returning address of local variable or temporary
       Link:
         D:\Program Files\VS13\VC\bin\link.exe /ERRORREPORT:PROMPT /OUT:"C:\Users\Mahmoud Youssef\Desktop\GUC\Semester 7\Computer Graphics\Texture\Debug\Texture.exe" /INCREMENTAL:NO /NOLOGO /LIBPATH:"C:\Users\Mahmoud Youssef\Desktop\GUC\Semester 7\Computer Graphics\Texture\Debug\\.." glut32.lib kernel32.lib user32.lib gdi32.lib winspool.lib comdlg32.lib advapi32.lib shell32.lib ole32.lib oleaut32.lib uuid.lib odbc32.lib odbccp32.lib /MANIFEST /MANIFESTUAC:"level='asInvoker' uiAccess='false'" /manifest:embed /DEBUG /PDB:"C:\Users\Mahmoud Youssef\Desktop\GUC\Semester 7\Computer Graphics\Texture\Debug\Texture.pdb" /SUBSYSTEM:CONSOLE /TLBID:1 /DYNAMICBASE /NXCOMPAT /IMPLIB:"C:\Users\Mahmoud Youssef\Desktop\GUC\Semester 7\Computer Graphics\Texture\Debug\Texture.lib" /MACHINE:X86 Debug\texture.obj
     1>texture.obj : warning LNK4075: ignoring '/EDITANDCONTINUE' due to '/OPT:LBR' specification
         OpenGL2DTemplate.vcxproj -> C:\Users\Mahmoud Youssef\Desktop\GUC\Semester 7\Computer Graphics\Texture\Debug\Texture.exe
     1>Done Building Project "C:\Users\Mahmoud Youssef\Desktop\GUC\Semester 7\Computer Graphics\Texture\OpenGL2DTemplate.vcxproj" (Build target(s)).

Build succeeded.

Time Elapsed 00:00:03.50
