c:\users\mohamed.kamel-gabr\desktop\opengl2dtemplate\opengl2dtemplate\debug\opengl2dtemplate.obj
c:\users\mohamed.kamel-gabr\desktop\opengl2dtemplate\opengl2dtemplate\debug\vc100.pdb
c:\users\mohamed.kamel-gabr\desktop\texture\debug\texture.obj
c:\users\mohamed.kamel-gabr\desktop\texture\debug\vc100.pdb
c:\users\yasmeen.abdrabou.guc\desktop\guc\winter 2016\dmet502w16\dmet502w16\code\texture_21731\texture\debug\texture.obj
c:\users\yasmeen.abdrabou.guc\desktop\guc\winter 2016\dmet502w16\dmet502w16\code\texture_21731\texture\debug\vc100.pdb
c:\users\mohamed.kamel-gabr\desktop\opengl2dtemplate\opengl2dtemplate\debug\opengl2dtemplate.exe
c:\users\mohamed.kamel-gabr\desktop\opengl2dtemplate\opengl2dtemplate\debug\opengl2dtemplate.exe.intermediate.manifest
c:\users\mohamed.kamel-gabr\desktop\opengl2dtemplate\opengl2dtemplate\debug\opengl2dtemplate.pdb
c:\users\mohamed.kamel-gabr\desktop\texture\debug\texture.exe
c:\users\mohamed.kamel-gabr\desktop\texture\debug\texture.exe.intermediate.manifest
c:\users\mohamed.kamel-gabr\desktop\texture\debug\texture.pdb
c:\users\yasmeen.abdrabou.guc\desktop\guc\winter 2016\dmet502w16\dmet502w16\code\texture_21731\texture\debug\texture.exe
c:\users\yasmeen.abdrabou.guc\desktop\guc\winter 2016\dmet502w16\dmet502w16\code\texture_21731\texture\debug\texture.exe.intermediate.manifest
c:\users\yasmeen.abdrabou.guc\desktop\guc\winter 2016\dmet502w16\dmet502w16\code\texture_21731\texture\debug\texture.pdb
c:\users\mohamed.kamel-gabr\desktop\texture\debug\opengl2dtemplate.exe
c:\users\mahmoud youssef\desktop\guc\semester 7\computer graphics\texture\debug\vc141.pdb
c:\users\mahmoud youssef\desktop\guc\semester 7\computer graphics\texture\debug\vc141.idb
c:\users\mahmoud youssef\desktop\guc\semester 7\computer graphics\texture\debug\texture.obj
c:\users\mahmoud youssef\desktop\guc\semester 7\computer graphics\texture\debug\opengl2dtemplate.vcxprojresolveassemblyreference.cache
c:\users\mahmoud youssef\desktop\guc\semester 7\computer graphics\texture\debug\opengl2dtemplate.obj
c:\users\mahmoud youssef\desktop\guc\semester 7\computer graphics\texture\debug\lnk{3a61938e-35a8-4166-93bd-b62218151b81}.tmp
c:\users\mahmoud youssef\desktop\guc\semester 7\computer graphics\texture\debug\cl.command.1.tlog
c:\users\mahmoud youssef\desktop\guc\semester 7\computer graphics\texture\debug\cl.read.1.tlog
c:\users\mahmoud youssef\desktop\guc\semester 7\computer graphics\texture\debug\cl.write.1.tlog
c:\users\mahmoud youssef\desktop\guc\semester 7\computer graphics\texture\debug\link.command.1.tlog
c:\users\mahmoud youssef\desktop\guc\semester 7\computer graphics\texture\debug\link.read.1.tlog
c:\users\mahmoud youssef\desktop\guc\semester 7\computer graphics\texture\debug\link.write.1.tlog
c:\users\mahmoud youssef\desktop\guc\semester 7\computer graphics\texture\debug\mt.command.1.tlog
c:\users\mahmoud youssef\desktop\guc\semester 7\computer graphics\texture\debug\mt.read.1.tlog
c:\users\mahmoud youssef\desktop\guc\semester 7\computer graphics\texture\debug\mt.write.1.tlog
c:\users\mahmoud youssef\desktop\guc\semester 7\computer graphics\texture\debug\opengl2dtemplate.write.1.tlog
c:\users\mahmoud youssef\desktop\guc\semester 7\computer graphics\texture\debug\texture.write.1.tlog
c:\users\mahmoud youssef\desktop\guc\semester 7\computer graphics\texture\debug\opengl2dtemplate.exe.intermediate.manifest
c:\users\mahmoud youssef\desktop\guc\semester 7\computer graphics\texture\debug\texture.exe.intermediate.manifest
c:\users\mahmoud youssef\desktop\guc\semester 7\computer graphics\texture\debug\vc100.idb
c:\users\mahmoud youssef\desktop\guc\semester 7\computer graphics\texture\debug\opengl2dtemplate.pdb
c:\users\mahmoud youssef\desktop\guc\semester 7\computer graphics\texture\debug\texture.pdb
c:\users\mahmoud youssef\desktop\guc\semester 7\computer graphics\texture\debug\vc100.pdb
c:\users\mahmoud youssef\desktop\guc\semester 7\computer graphics\texture\debug\texture.tlog\cl.command.1.tlog
c:\users\mahmoud youssef\desktop\guc\semester 7\computer graphics\texture\debug\texture.tlog\cl.read.1.tlog
c:\users\mahmoud youssef\desktop\guc\semester 7\computer graphics\texture\debug\texture.tlog\cl.write.1.tlog
c:\users\mahmoud youssef\desktop\guc\semester 7\computer graphics\texture\debug\texture.tlog\link-cvtres.read.1.tlog
c:\users\mahmoud youssef\desktop\guc\semester 7\computer graphics\texture\debug\texture.tlog\link-cvtres.write.1.tlog
c:\users\mahmoud youssef\desktop\guc\semester 7\computer graphics\texture\debug\texture.tlog\link-rc.read.1.tlog
c:\users\mahmoud youssef\desktop\guc\semester 7\computer graphics\texture\debug\texture.tlog\link-rc.write.1.tlog
c:\users\mahmoud youssef\desktop\guc\semester 7\computer graphics\texture\debug\texture.tlog\link.command.1.tlog
c:\users\mahmoud youssef\desktop\guc\semester 7\computer graphics\texture\debug\texture.tlog\link.delete.1.tlog
c:\users\mahmoud youssef\desktop\guc\semester 7\computer graphics\texture\debug\texture.tlog\link.read.1.tlog
c:\users\mahmoud youssef\desktop\guc\semester 7\computer graphics\texture\debug\texture.tlog\link.write.1.tlog
